mar 30, 2021 5:28:16 AM com.mongodb.diagnostics.logging.JULLogger log
INFORMACIÓN: Cluster created with settings {hosts=[localhost:27017], mode=SINGLE, requiredClusterType=UNKNOWN, serverSelectionTimeout='30000 ms', maxWaitQueueSize=500}
mar 30, 2021 5:28:16 AM com.mongodb.diagnostics.logging.JULLogger log
INFORMACIÓN: No server chosen by WritableServerSelector from cluster description ClusterDescription{type=UNKNOWN, connectionMode=SINGLE, serverDescriptions=[ServerDescription{address=localhost:27017, type=UNKNOWN, state=CONNECTING}]}. Waiting for 30000 ms before timing out
mar 30, 2021 5:28:16 AM com.mongodb.diagnostics.logging.JULLogger log
INFORMACIÓN: Opened connection [connectionId{localValue:1, serverValue:280}] to localhost:27017
mar 30, 2021 5:28:16 AM com.mongodb.diagnostics.logging.JULLogger log
INFORMACIÓN: Monitor thread successfully connected to server with description ServerDescription{address=localhost:27017, type=STANDALONE, state=CONNECTED, ok=true, version=ServerVersion{versionList=[4, 0, 11]}, minWireVersion=0, maxWireVersion=7, maxDocumentSize=16777216, roundTripTimeNanos=649412}
mar 30, 2021 5:28:16 AM com.mongodb.diagnostics.logging.JULLogger log
INFORMACIÓN: Opened connection [connectionId{localValue:2, serverValue:281}] to localhost:27017
mar 30, 2021 5:29:45 AM com.mongodb.diagnostics.logging.JULLogger log
INFORMACIÓN: Cluster created with settings {hosts=[localhost:27017], mode=SINGLE, requiredClusterType=UNKNOWN, serverSelectionTimeout='30000 ms', maxWaitQueueSize=500}
mar 30, 2021 5:29:45 AM com.mongodb.diagnostics.logging.JULLogger log
INFORMACIÓN: No server chosen by WritableServerSelector from cluster description ClusterDescription{type=UNKNOWN, connectionMode=SINGLE, serverDescriptions=[ServerDescription{address=localhost:27017, type=UNKNOWN, state=CONNECTING}]}. Waiting for 30000 ms before timing out
mar 30, 2021 5:29:45 AM com.mongodb.diagnostics.logging.JULLogger log
INFORMACIÓN: Opened connection [connectionId{localValue:1, serverValue:282}] to localhost:27017
mar 30, 2021 5:29:45 AM com.mongodb.diagnostics.logging.JULLogger log
INFORMACIÓN: Monitor thread successfully connected to server with description ServerDescription{address=localhost:27017, type=STANDALONE, state=CONNECTED, ok=true, version=ServerVersion{versionList=[4, 0, 11]}, minWireVersion=0, maxWireVersion=7, maxDocumentSize=16777216, roundTripTimeNanos=1239504}
mar 30, 2021 5:29:45 AM com.mongodb.diagnostics.logging.JULLogger log
INFORMACIÓN: Opened connection [connectionId{localValue:2, serverValue:283}] to localhost:27017
mar 30, 2021 5:30:01 AM com.mongodb.diagnostics.logging.JULLogger log
INFORMACIÓN: Cluster created with settings {hosts=[localhost:27017], mode=SINGLE, requiredClusterType=UNKNOWN, serverSelectionTimeout='30000 ms', maxWaitQueueSize=500}
mar 30, 2021 5:30:01 AM com.mongodb.diagnostics.logging.JULLogger log
INFORMACIÓN: No server chosen by WritableServerSelector from cluster description ClusterDescription{type=UNKNOWN, connectionMode=SINGLE, serverDescriptions=[ServerDescription{address=localhost:27017, type=UNKNOWN, state=CONNECTING}]}. Waiting for 30000 ms before timing out
mar 30, 2021 5:30:01 AM com.mongodb.diagnostics.logging.JULLogger log
INFORMACIÓN: Opened connection [connectionId{localValue:1, serverValue:284}] to localhost:27017
mar 30, 2021 5:30:01 AM com.mongodb.diagnostics.logging.JULLogger log
INFORMACIÓN: Monitor thread successfully connected to server with description ServerDescription{address=localhost:27017, type=STANDALONE, state=CONNECTED, ok=true, version=ServerVersion{versionList=[4, 0, 11]}, minWireVersion=0, maxWireVersion=7, maxDocumentSize=16777216, roundTripTimeNanos=2429466}
mar 30, 2021 5:30:01 AM com.mongodb.diagnostics.logging.JULLogger log
INFORMACIÓN: Opened connection [connectionId{localValue:2, serverValue:285}] to localhost:27017
