21/04/11 04:27:52,bne.pages,SCHEDULE [04:28:00 12:28:00 20:28:00]
21/04/11 04:27:52,computrabajo.pages,SCHEDULE [04:28:00 12:28:00 20:28:00]
21/04/11 04:27:52,computrabajo.read,SCHEDULE [04:27:54 04:27:57 04:28:00 04:28:03 04:28:06 04:28:09 04:28:12 04:28:15 04:28:1]
21/04/11 04:27:52,compare,SCHEDULE [04:27:54 04:27:57 04:28:00 04:28:03 04:28:06 04:28:09 04:28:12 04:28:15 04:28:1]
21/04/11 04:27:52,bne.read,SCHEDULE [04:27:54 04:27:57 04:28:00 04:28:03 04:28:06 04:28:09 04:28:12 04:28:15 04:28:1]
21/04/11 04:28:00,computrabajo.pages,computrabajo.page -> trabajo social(1)
21/04/11 04:28:01,bne.pages,trabajadores sociales(1/18) 
21/04/11 04:28:02,computrabajo.pages,computrabajo.page -> trabajo social(2)
21/04/11 04:28:03,computrabajo.pages,computrabajo.page -> trabajador social(1)
21/04/11 04:28:04,computrabajo.pages,computrabajo.page -> trabajador social(2)
21/04/11 04:28:05,computrabajo.pages,computrabajo.page -> trabajador social(3)
21/04/11 04:28:06,bne.pages,trabajadores sociales(2/18) 
21/04/11 04:28:06,computrabajo.pages,computrabajo.page -> trabajadora social(1)
21/04/11 04:28:08,computrabajo.pages,computrabajo.page -> trabajadora social(2)
21/04/11 04:28:09,computrabajo.pages,computrabajo.page -> trabajadora social(3)
21/04/11 04:28:09,bne.pages,trabajadores sociales(3/18) 
21/04/11 04:28:10,computrabajo.pages,computrabajo.page -> trabajador a social(1)
21/04/11 04:28:11,computrabajo.pages,computrabajo.page -> trabajador a social(2)
21/04/11 04:28:13,computrabajo.pages,computrabajo.page -> trabajador a social(3)
21/04/11 04:28:13,bne.pages,trabajadores sociales(4/18) 
21/04/11 04:28:14,computrabajo.pages,computrabajo.page -> trabajadores sociales(1)
21/04/11 04:28:15,computrabajo.pages,computrabajo.page -> trabajadores sociales(2)
21/04/11 04:28:16,computrabajo.pages,computrabajo.page -> trabajadores sociales(3)
21/04/11 04:28:17,computrabajo.pages,computrabajo.page -> trabajadoras sociales(1)
21/04/11 04:28:17,bne.pages,trabajadores sociales(5/18) 
21/04/11 04:28:18,computrabajo.pages,computrabajo.page -> trabajadoras sociales(2)
21/04/11 04:28:20,computrabajo.pages,computrabajo.page -> trabajadoras sociales(3)
21/04/11 04:28:21,computrabajo.pages,computrabajo.page -> trabajadores as sociales(1)
21/04/11 04:28:22,computrabajo.pages,computrabajo.page -> asistencia social(1)
21/04/11 04:28:22,bne.pages,trabajadores sociales(6/18) 
21/04/11 04:28:23,computrabajo.pages,computrabajo.page -> asistente social(1)
21/04/11 04:28:24,computrabajo.pages,computrabajo.page -> asistente social(2)
21/04/11 04:28:25,bne.pages,trabajadores sociales(7/18) 
21/04/11 04:28:25,computrabajo.pages,computrabajo.page -> asistente social(3)
21/04/11 04:28:27,computrabajo.pages,computrabajo.page -> asistenta social(1)
21/04/11 04:28:28,computrabajo.pages,computrabajo.page -> asistenta social(2)
21/04/11 04:28:28,bne.pages,trabajadores sociales(8/18) 
21/04/11 04:28:29,computrabajo.pages,computrabajo.page -> asistenta social(3)
21/04/11 04:28:30,computrabajo.pages,computrabajo.page -> asistente a social(1)
21/04/11 04:28:31,computrabajo.pages,computrabajo.page -> asistente a social(2)
21/04/11 04:28:32,bne.pages,trabajadores sociales(9/18) 
21/04/11 04:28:33,computrabajo.pages,computrabajo.page -> asistente a social(3)
21/04/11 04:28:34,computrabajo.pages,computrabajo.page -> asistentes sociales(1)
21/04/11 04:28:35,computrabajo.pages,computrabajo.page -> asistentes sociales(2)
21/04/11 04:28:36,computrabajo.pages,computrabajo.page -> asistentes sociales(3)
21/04/11 04:28:37,bne.pages,trabajadores sociales(10/18) 
21/04/11 04:28:37,computrabajo.pages,computrabajo.page -> asistentas sociales(1)
21/04/11 04:28:38,computrabajo.pages,computrabajo.page -> asistentas sociales(2)
21/04/11 04:28:39,computrabajo.pages,computrabajo.page -> asistentas sociales(3)
21/04/11 04:28:40,bne.pages,trabajadores sociales(11/18) 
21/04/11 04:28:41,computrabajo.pages,computrabajo.page -> asistentes as sociales(1)
21/04/11 04:28:42,computrabajo.pages,computrabajo.page -> tecnico social(1)
21/04/11 04:28:43,computrabajo.pages,computrabajo.page -> tecnico social(2)
21/04/11 04:28:44,computrabajo.pages,computrabajo.page -> tecnico a social(1)
21/04/11 04:28:44,bne.pages,trabajadores sociales(12/18) 
21/04/11 04:28:45,computrabajo.pages,computrabajo.page -> tecnico a social(2)
21/04/11 04:28:46,computrabajo.pages,computrabajo.page -> tecnicos sociales(1)
21/04/11 04:28:47,computrabajo.pages,computrabajo.page -> tecnicos sociales(2)
21/04/11 04:28:47,bne.pages,trabajadores sociales(13/18) 
21/04/11 04:28:49,computrabajo.pages,computrabajo.page -> tecnicos as sociales(1)
21/04/11 04:28:50,computrabajo.pages,computrabajo.page -> monitor social(1)
21/04/11 04:28:51,computrabajo.pages,computrabajo.page -> monitor social(2)
21/04/11 04:28:51,bne.pages,trabajadores sociales(14/18) 
21/04/11 04:28:52,computrabajo.pages,computrabajo.page -> monitora social(1)
21/04/11 04:28:53,computrabajo.pages,computrabajo.page -> monitora social(2)
21/04/11 04:28:54,computrabajo.pages,computrabajo.page -> monitor a social(1)
21/04/11 04:28:55,bne.pages,trabajadores sociales(15/18) 
21/04/11 04:28:55,computrabajo.pages,computrabajo.page -> monitor a social(2)
21/04/11 04:28:56,computrabajo.pages,computrabajo.page -> monitores sociales(1)
21/04/11 04:28:58,computrabajo.pages,computrabajo.page -> monitores sociales(2)
21/04/11 04:28:58,bne.pages,trabajadores sociales(16/18) 
21/04/11 04:28:59,computrabajo.pages,computrabajo.page -> monitoras sociales(1)
21/04/11 04:29:00,computrabajo.pages,computrabajo.page -> monitoras sociales(2)
21/04/11 04:29:01,computrabajo.pages,computrabajo.page -> monitores as sociales(1)
21/04/11 04:29:03,bne.pages,trabajadores sociales(17/18) 
21/04/11 04:29:06,bne.pages,asistentes as sociales(1/67) 
21/04/11 04:29:11,bne.pages,asistentes as sociales(2/67) 
21/04/11 04:29:15,bne.pages,asistentes as sociales(3/67) 
21/04/11 04:29:19,bne.pages,asistentes as sociales(4/67) 
21/04/11 04:29:24,bne.pages,asistentes as sociales(5/67) 
21/04/11 04:29:28,bne.pages,asistentes as sociales(6/67) 
21/04/11 04:29:32,bne.pages,asistentes as sociales(7/67) 
21/04/11 04:29:36,bne.pages,asistentes as sociales(8/67) 
21/04/11 04:29:41,bne.pages,asistentes as sociales(9/67) 
21/04/11 04:29:43,bne.pages,asistentes as sociales(10/67) 
21/04/11 04:29:46,bne.pages,asistentes as sociales(11/67) 
21/04/11 04:29:49,bne.pages,asistentes as sociales(12/67) 
21/04/11 04:29:53,bne.pages,asistentes as sociales(13/67) 
21/04/11 04:29:58,bne.pages,asistentes as sociales(14/67) 
21/04/11 04:30:00,bne.pages,asistentes as sociales(15/67) 
21/04/11 04:30:02,bne.pages,asistentes as sociales(16/67) 
21/04/11 04:30:05,bne.pages,asistentes as sociales(17/67) 
21/04/11 04:30:08,bne.pages,asistentes as sociales(18/67) 
21/04/11 04:30:12,bne.pages,asistentes as sociales(19/67) 
21/04/11 04:30:15,bne.pages,asistentes as sociales(20/67) 
21/04/11 04:30:17,bne.pages,asistentes as sociales(21/67) 
21/04/11 04:30:22,bne.pages,asistentes as sociales(22/67) 
21/04/11 04:30:26,bne.pages,asistentes as sociales(23/67) 
