Exception in thread "AWT-EventQueue-1" java.lang.ArrayIndexOutOfBoundsException: 1 >= 1
	at java.util.Vector.elementAt(Vector.java:479)
	at javax.swing.DefaultListModel.getElementAt(DefaultListModel.java:89)
	at javax.swing.plaf.basic.BasicListUI.paintCell(BasicListUI.java:204)
	at javax.swing.plaf.basic.BasicListUI.paintImpl(BasicListUI.java:317)
	at javax.swing.plaf.basic.BasicListUI.paint(BasicListUI.java:240)
	at javax.swing.plaf.ComponentUI.update(ComponentUI.java:161)
	at javax.swing.JComponent.paintComponent(JComponent.java:780)
	at javax.swing.JComponent.paint(JComponent.java:1056)
	at javax.swing.JComponent.paintToOffscreen(JComponent.java:5210)
	at javax.swing.RepaintManager$PaintManager.paintDoubleBuffered(RepaintManager.java:1579)
	at javax.swing.RepaintManager$PaintManager.paint(RepaintManager.java:1502)
	at javax.swing.BufferStrategyPaintManager.paint(BufferStrategyPaintManager.java:306)
	at javax.swing.RepaintManager.paint(RepaintManager.java:1272)
	at javax.swing.JComponent._paintImmediately(JComponent.java:5158)
	at javax.swing.JComponent.paintImmediately(JComponent.java:4969)
	at javax.swing.RepaintManager$4.run(RepaintManager.java:831)
	at javax.swing.RepaintManager$4.run(RepaintManager.java:814)
	at java.security.AccessController.doPrivileged(Native Method)
	at java.security.ProtectionDomain$JavaSecurityAccessImpl.doIntersectionPrivilege(ProtectionDomain.java:74)
	at javax.swing.RepaintManager.paintDirtyRegions(RepaintManager.java:814)
	at javax.swing.RepaintManager.paintDirtyRegions(RepaintManager.java:789)
	at javax.swing.RepaintManager.prePaintDirtyRegions(RepaintManager.java:738)
	at javax.swing.RepaintManager.access$1200(RepaintManager.java:64)
	at javax.swing.RepaintManager$ProcessingRunnable.run(RepaintManager.java:1732)
	at java.awt.event.InvocationEvent.dispatch(InvocationEvent.java:311)
	at java.awt.EventQueue.dispatchEventImpl(EventQueue.java:758)
	at java.awt.EventQueue.access$500(EventQueue.java:97)
	at java.awt.EventQueue$3.run(EventQueue.java:709)
	at java.awt.EventQueue$3.run(EventQueue.java:703)
	at java.security.AccessController.doPrivileged(Native Method)
	at java.security.ProtectionDomain$JavaSecurityAccessImpl.doIntersectionPrivilege(ProtectionDomain.java:74)
	at java.awt.EventQueue.dispatchEvent(EventQueue.java:728)
	at org.GNOME.Accessibility.AtkWrapper$6.dispatchEvent(AtkWrapper.java:715)
	at java.awt.EventDispatchThread.pumpOneEventForFilters(EventDispatchThread.java:205)
	at java.awt.EventDispatchThread.pumpEventsForFilter(EventDispatchThread.java:116)
	at java.awt.EventDispatchThread.pumpEventsForHierarchy(EventDispatchThread.java:105)
	at java.awt.EventDispatchThread.pumpEvents(EventDispatchThread.java:101)
	at java.awt.EventDispatchThread.pumpEvents(EventDispatchThread.java:93)
	at java.awt.EventDispatchThread.run(EventDispatchThread.java:82)
21/04/02 02:00:00,computrabajo.pages,>> INICIANDO COMPUTRABAJO PAGES
21/04/02 02:00:00,,>> INICIANDO BNE PAGES
Exception in thread "AWT-EventQueue-1" java.lang.ArrayIndexOutOfBoundsException: 4 >= 4
	at java.util.Vector.elementAt(Vector.java:479)
	at javax.swing.DefaultListModel.getElementAt(DefaultListModel.java:89)
	at javax.swing.plaf.basic.BasicListUI.paintCell(BasicListUI.java:204)
	at javax.swing.plaf.basic.BasicListUI.paintImpl(BasicListUI.java:317)
	at javax.swing.plaf.basic.BasicListUI.paint(BasicListUI.java:240)
	at javax.swing.plaf.ComponentUI.update(ComponentUI.java:161)
	at javax.swing.JComponent.paintComponent(JComponent.java:780)
	at javax.swing.JComponent.paint(JComponent.java:1056)
	at javax.swing.JComponent.paintToOffscreen(JComponent.java:5210)
	at javax.swing.RepaintManager$PaintManager.paintDoubleBuffered(RepaintManager.java:1579)
	at javax.swing.RepaintManager$PaintManager.paint(RepaintManager.java:1502)
	at javax.swing.BufferStrategyPaintManager.paint(BufferStrategyPaintManager.java:306)
	at javax.swing.RepaintManager.paint(RepaintManager.java:1272)
	at javax.swing.JComponent._paintImmediately(JComponent.java:5158)
	at javax.swing.JComponent.paintImmediately(JComponent.java:4969)
	at javax.swing.RepaintManager$4.run(RepaintManager.java:831)
	at javax.swing.RepaintManager$4.run(RepaintManager.java:814)
	at java.security.AccessController.doPrivileged(Native Method)
	at java.security.ProtectionDomain$JavaSecurityAccessImpl.doIntersectionPrivilege(ProtectionDomain.java:74)
	at javax.swing.RepaintManager.paintDirtyRegions(RepaintManager.java:814)
	at javax.swing.RepaintManager.paintDirtyRegions(RepaintManager.java:789)
	at javax.swing.RepaintManager.prePaintDirtyRegions(RepaintManager.java:738)
	at javax.swing.RepaintManager.access$1200(RepaintManager.java:64)
	at javax.swing.RepaintManager$ProcessingRunnable.run(RepaintManager.java:1732)
	at java.awt.event.InvocationEvent.dispatch(InvocationEvent.java:311)
	at java.awt.EventQueue.dispatchEventImpl(EventQueue.java:758)
	at java.awt.EventQueue.access$500(EventQueue.java:97)
	at java.awt.EventQueue$3.run(EventQueue.java:709)
	at java.awt.EventQueue$3.run(EventQueue.java:703)
	at java.security.AccessController.doPrivileged(Native Method)
	at java.security.ProtectionDomain$JavaSecurityAccessImpl.doIntersectionPrivilege(ProtectionDomain.java:74)
	at java.awt.EventQueue.dispatchEvent(EventQueue.java:728)
	at org.GNOME.Accessibility.AtkWrapper$6.dispatchEvent(AtkWrapper.java:715)
	at java.awt.EventDispatchThread.pumpOneEventForFilters(EventDispatchThread.java:205)
	at java.awt.EventDispatchThread.pumpEventsForFilter(EventDispatchThread.java:116)
	at java.awt.EventDispatchThread.pumpEventsForHierarchy(EventDispatchThread.java:105)
	at java.awt.EventDispatchThread.pumpEvents(EventDispatchThread.java:101)
	at java.awt.EventDispatchThread.pumpEvents(EventDispatchThread.java:93)
	at java.awt.EventDispatchThread.run(EventDispatchThread.java:82)
21/04/02 02:00:49,computrabajo.pages,>> TERMINANDO COMPUTRABAJO PAGES (0 MIN)
// Error: // Uncaught Exception: Method Invocation it.hasNext : at Line: 10 : in file: <unknown file> : it .hasNext ( ) 

Target exception: com.mongodb.MongoCursorNotFoundException: Query failed with error code -5 and error message 'Cursor 42995034964 not found on server localhost:27017' on server localhost:27017

com.mongodb.MongoCursorNotFoundException: Query failed with error code -5 and error message 'Cursor 42995034964 not found on server localhost:27017' on server localhost:27017
	at com.mongodb.operation.QueryHelper.translateCommandException(QueryHelper.java:27)
	at com.mongodb.operation.QueryBatchCursor.getMore(QueryBatchCursor.java:213)
	at com.mongodb.operation.QueryBatchCursor.hasNext(QueryBatchCursor.java:103)
	at com.mongodb.MongoBatchCursorAdapter.hasNext(MongoBatchCursorAdapter.java:46)
	at sun.reflect.GeneratedMethodAccessor8.invoke(Unknown Source)
	at sun.reflect.DelegatingMethodAccessorImpl.invoke(DelegatingMethodAccessorImpl.java:43)
	at java.lang.reflect.Method.invoke(Method.java:498)
	at bsh.Reflect.invokeMethod(Unknown Source)
	at bsh.Reflect.invokeObjectMethod(Unknown Source)
	at bsh.Name.invokeMethod(Unknown Source)
	at bsh.BSHMethodInvocation.eval(Unknown Source)
	at bsh.BSHPrimaryExpression.eval(Unknown Source)
	at bsh.BSHPrimaryExpression.eval(Unknown Source)
	at bsh.BSHIfStatement.evaluateCondition(Unknown Source)
	at bsh.BSHWhileStatement.eval(Unknown Source)
	at bsh.Interpreter.run(Unknown Source)
	at fabnun.jsoupscheduler.BeanShellProcess.lambda$new$0(BeanShellProcess.java:41)
	at java.lang.Thread.run(Thread.java:748)
21/04/02 03:16:03,,
>> TERMINANDO BNE PAGES (76 MIN)
// Error: // Uncaught Exception: Method Invocation it.hasNext : at Line: 10 : in file: <unknown file> : it .hasNext ( ) 

Target exception: com.mongodb.MongoCursorNotFoundException: Query failed with error code -5 and error message 'Cursor 43049464216 not found on server localhost:27017' on server localhost:27017

com.mongodb.MongoCursorNotFoundException: Query failed with error code -5 and error message 'Cursor 43049464216 not found on server localhost:27017' on server localhost:27017
	at com.mongodb.operation.QueryHelper.translateCommandException(QueryHelper.java:27)
	at com.mongodb.operation.QueryBatchCursor.getMore(QueryBatchCursor.java:213)
	at com.mongodb.operation.QueryBatchCursor.hasNext(QueryBatchCursor.java:103)
	at com.mongodb.MongoBatchCursorAdapter.hasNext(MongoBatchCursorAdapter.java:46)
	at sun.reflect.GeneratedMethodAccessor8.invoke(Unknown Source)
	at sun.reflect.DelegatingMethodAccessorImpl.invoke(DelegatingMethodAccessorImpl.java:43)
	at java.lang.reflect.Method.invoke(Method.java:498)
	at bsh.Reflect.invokeMethod(Unknown Source)
	at bsh.Reflect.invokeObjectMethod(Unknown Source)
	at bsh.Name.invokeMethod(Unknown Source)
	at bsh.BSHMethodInvocation.eval(Unknown Source)
	at bsh.BSHPrimaryExpression.eval(Unknown Source)
	at bsh.BSHPrimaryExpression.eval(Unknown Source)
	at bsh.BSHIfStatement.evaluateCondition(Unknown Source)
	at bsh.BSHWhileStatement.eval(Unknown Source)
	at bsh.Interpreter.run(Unknown Source)
	at fabnun.jsoupscheduler.BeanShellProcess.lambda$new$0(BeanShellProcess.java:41)
	at java.lang.Thread.run(Thread.java:748)
21/04/02 10:00:00,computrabajo.pages,>> INICIANDO COMPUTRABAJO PAGES
21/04/02 10:00:00,,>> INICIANDO BNE PAGES
21/04/02 10:00:56,computrabajo.pages,>> TERMINANDO COMPUTRABAJO PAGES (0 MIN)
Exception in thread "AWT-EventQueue-1" java.lang.ArrayIndexOutOfBoundsException: 2 >= 2
	at java.util.Vector.elementAt(Vector.java:479)
	at javax.swing.DefaultListModel.getElementAt(DefaultListModel.java:89)
	at javax.swing.plaf.basic.BasicListUI.paintCell(BasicListUI.java:204)
	at javax.swing.plaf.basic.BasicListUI.paintImpl(BasicListUI.java:317)
	at javax.swing.plaf.basic.BasicListUI.paint(BasicListUI.java:240)
	at javax.swing.plaf.ComponentUI.update(ComponentUI.java:161)
	at javax.swing.JComponent.paintComponent(JComponent.java:780)
	at javax.swing.JComponent.paint(JComponent.java:1056)
	at javax.swing.JComponent.paintToOffscreen(JComponent.java:5210)
	at javax.swing.RepaintManager$PaintManager.paintDoubleBuffered(RepaintManager.java:1579)
	at javax.swing.RepaintManager$PaintManager.paint(RepaintManager.java:1502)
	at javax.swing.BufferStrategyPaintManager.paint(BufferStrategyPaintManager.java:306)
	at javax.swing.RepaintManager.paint(RepaintManager.java:1272)
	at javax.swing.JComponent._paintImmediately(JComponent.java:5158)
	at javax.swing.JComponent.paintImmediately(JComponent.java:4969)
	at javax.swing.RepaintManager$4.run(RepaintManager.java:831)
	at javax.swing.RepaintManager$4.run(RepaintManager.java:814)
	at java.security.AccessController.doPrivileged(Native Method)
	at java.security.ProtectionDomain$JavaSecurityAccessImpl.doIntersectionPrivilege(ProtectionDomain.java:74)
	at javax.swing.RepaintManager.paintDirtyRegions(RepaintManager.java:814)
	at javax.swing.RepaintManager.paintDirtyRegions(RepaintManager.java:789)
	at javax.swing.RepaintManager.prePaintDirtyRegions(RepaintManager.java:738)
	at javax.swing.RepaintManager.access$1200(RepaintManager.java:64)
	at javax.swing.RepaintManager$ProcessingRunnable.run(RepaintManager.java:1732)
	at java.awt.event.InvocationEvent.dispatch(InvocationEvent.java:311)
	at java.awt.EventQueue.dispatchEventImpl(EventQueue.java:758)
	at java.awt.EventQueue.access$500(EventQueue.java:97)
	at java.awt.EventQueue$3.run(EventQueue.java:709)
	at java.awt.EventQueue$3.run(EventQueue.java:703)
	at java.security.AccessController.doPrivileged(Native Method)
	at java.security.ProtectionDomain$JavaSecurityAccessImpl.doIntersectionPrivilege(ProtectionDomain.java:74)
	at java.awt.EventQueue.dispatchEvent(EventQueue.java:728)
	at org.GNOME.Accessibility.AtkWrapper$6.dispatchEvent(AtkWrapper.java:715)
	at java.awt.EventDispatchThread.pumpOneEventForFilters(EventDispatchThread.java:205)
	at java.awt.EventDispatchThread.pumpEventsForFilter(EventDispatchThread.java:116)
	at java.awt.EventDispatchThread.pumpEventsForFilter(EventDispatchThread.java:109)
	at java.awt.WaitDispatchSupport$2.run(WaitDispatchSupport.java:190)
	at java.awt.WaitDispatchSupport$4.run(WaitDispatchSupport.java:235)
	at java.awt.WaitDispatchSupport$4.run(WaitDispatchSupport.java:233)
	at java.security.AccessController.doPrivileged(Native Method)
	at java.awt.WaitDispatchSupport.enter(WaitDispatchSupport.java:233)
	at java.awt.Dialog.show(Dialog.java:1084)
	at javax.swing.JOptionPane.showOptionDialog(JOptionPane.java:869)
	at javax.swing.JOptionPane.showConfirmDialog(JOptionPane.java:795)
	at javax.swing.JOptionPane.showConfirmDialog(JOptionPane.java:757)
	at javax.swing.JOptionPane.showConfirmDialog(JOptionPane.java:718)
	at fabnun.jsoupscheduler.TIcon$2.windowClosing(TIcon.java:34)
	at java.awt.AWTEventMulticaster.windowClosing(AWTEventMulticaster.java:349)
	at java.awt.AWTEventMulticaster.windowClosing(AWTEventMulticaster.java:349)
	at java.awt.Window.processWindowEvent(Window.java:2054)
	at javax.swing.JFrame.processWindowEvent(JFrame.java:305)
	at java.awt.Window.processEvent(Window.java:2013)
	at java.awt.Component.dispatchEventImpl(Component.java:4889)
	at java.awt.Container.dispatchEventImpl(Container.java:2297)
	at java.awt.Window.dispatchEventImpl(Window.java:2746)
	at java.awt.Component.dispatchEvent(Component.java:4711)
	at java.awt.EventQueue.dispatchEventImpl(EventQueue.java:760)
	at java.awt.EventQueue.access$500(EventQueue.java:97)
	at java.awt.EventQueue$3.run(EventQueue.java:709)
	at java.awt.EventQueue$3.run(EventQueue.java:703)
	at java.security.AccessController.doPrivileged(Native Method)
	at java.security.ProtectionDomain$JavaSecurityAccessImpl.doIntersectionPrivilege(ProtectionDomain.java:74)
	at java.security.ProtectionDomain$JavaSecurityAccessImpl.doIntersectionPrivilege(ProtectionDomain.java:84)
	at java.awt.EventQueue$4.run(EventQueue.java:733)
	at java.awt.EventQueue$4.run(EventQueue.java:731)
	at java.security.AccessController.doPrivileged(Native Method)
	at java.security.ProtectionDomain$JavaSecurityAccessImpl.doIntersectionPrivilege(ProtectionDomain.java:74)
	at java.awt.EventQueue.dispatchEvent(EventQueue.java:730)
	at org.GNOME.Accessibility.AtkWrapper$6.dispatchEvent(AtkWrapper.java:715)
	at java.awt.EventDispatchThread.pumpOneEventForFilters(EventDispatchThread.java:205)
	at java.awt.EventDispatchThread.pumpEventsForFilter(EventDispatchThread.java:116)
	at java.awt.EventDispatchThread.pumpEventsForHierarchy(EventDispatchThread.java:105)
	at java.awt.EventDispatchThread.pumpEvents(EventDispatchThread.java:101)
	at java.awt.EventDispatchThread.pumpEvents(EventDispatchThread.java:93)
	at java.awt.EventDispatchThread.run(EventDispatchThread.java:82)
Exception in thread "AWT-EventQueue-1" java.lang.ArrayIndexOutOfBoundsException: 2 >= 2
	at java.util.Vector.elementAt(Vector.java:479)
	at javax.swing.DefaultListModel.getElementAt(DefaultListModel.java:89)
	at javax.swing.plaf.basic.BasicListUI.updateLayoutState(BasicListUI.java:1360)
	at javax.swing.plaf.basic.BasicListUI.maybeUpdateLayoutState(BasicListUI.java:1311)
	at javax.swing.plaf.basic.BasicListUI.getPreferredSize(BasicListUI.java:578)
	at javax.swing.JComponent.getPreferredSize(JComponent.java:1662)
	at javax.swing.ScrollPaneLayout.layoutContainer(ScrollPaneLayout.java:791)
	at java.awt.Container.layout(Container.java:1513)
	at java.awt.Container.doLayout(Container.java:1502)
	at java.awt.Container.validateTree(Container.java:1698)
	at java.awt.Container.validate(Container.java:1633)
	at javax.swing.RepaintManager$3.run(RepaintManager.java:711)
	at javax.swing.RepaintManager$3.run(RepaintManager.java:709)
	at java.security.AccessController.doPrivileged(Native Method)
	at java.security.ProtectionDomain$JavaSecurityAccessImpl.doIntersectionPrivilege(ProtectionDomain.java:74)
	at javax.swing.RepaintManager.validateInvalidComponents(RepaintManager.java:708)
	at javax.swing.RepaintManager$ProcessingRunnable.run(RepaintManager.java:1731)
	at java.awt.event.InvocationEvent.dispatch(InvocationEvent.java:311)
	at java.awt.EventQueue.dispatchEventImpl(EventQueue.java:758)
	at java.awt.EventQueue.access$500(EventQueue.java:97)
	at java.awt.EventQueue$3.run(EventQueue.java:709)
	at java.awt.EventQueue$3.run(EventQueue.java:703)
	at java.security.AccessController.doPrivileged(Native Method)
	at java.security.ProtectionDomain$JavaSecurityAccessImpl.doIntersectionPrivilege(ProtectionDomain.java:74)
	at java.awt.EventQueue.dispatchEvent(EventQueue.java:728)
	at org.GNOME.Accessibility.AtkWrapper$6.dispatchEvent(AtkWrapper.java:715)
	at java.awt.EventDispatchThread.pumpOneEventForFilters(EventDispatchThread.java:205)
	at java.awt.EventDispatchThread.pumpEventsForFilter(EventDispatchThread.java:116)
	at java.awt.EventDispatchThread.pumpEventsForHierarchy(EventDispatchThread.java:105)
	at java.awt.EventDispatchThread.pumpEvents(EventDispatchThread.java:101)
	at java.awt.EventDispatchThread.pumpEvents(EventDispatchThread.java:93)
	at java.awt.EventDispatchThread.run(EventDispatchThread.java:82)
Exception in thread "AWT-EventQueue-1" java.lang.ArrayIndexOutOfBoundsException: 1 >= 1
	at java.util.Vector.elementAt(Vector.java:479)
	at javax.swing.DefaultListModel.getElementAt(DefaultListModel.java:89)
	at javax.swing.plaf.basic.BasicListUI.updateLayoutState(BasicListUI.java:1360)
	at javax.swing.plaf.basic.BasicListUI.maybeUpdateLayoutState(BasicListUI.java:1311)
	at javax.swing.plaf.basic.BasicListUI.paintImpl(BasicListUI.java:264)
	at javax.swing.plaf.basic.BasicListUI.paint(BasicListUI.java:240)
	at javax.swing.plaf.ComponentUI.update(ComponentUI.java:161)
	at javax.swing.JComponent.paintComponent(JComponent.java:780)
	at javax.swing.JComponent.paint(JComponent.java:1056)
	at javax.swing.JComponent.paintToOffscreen(JComponent.java:5210)
	at javax.swing.RepaintManager$PaintManager.paintDoubleBuffered(RepaintManager.java:1579)
	at javax.swing.RepaintManager$PaintManager.paint(RepaintManager.java:1502)
	at javax.swing.BufferStrategyPaintManager.paint(BufferStrategyPaintManager.java:306)
	at javax.swing.RepaintManager.paint(RepaintManager.java:1272)
	at javax.swing.JComponent._paintImmediately(JComponent.java:5158)
	at javax.swing.JComponent.paintImmediately(JComponent.java:4969)
	at javax.swing.RepaintManager$4.run(RepaintManager.java:831)
	at javax.swing.RepaintManager$4.run(RepaintManager.java:814)
	at java.security.AccessController.doPrivileged(Native Method)
	at java.security.ProtectionDomain$JavaSecurityAccessImpl.doIntersectionPrivilege(ProtectionDomain.java:74)
	at javax.swing.RepaintManager.paintDirtyRegions(RepaintManager.java:814)
	at javax.swing.RepaintManager.paintDirtyRegions(RepaintManager.java:789)
	at javax.swing.RepaintManager.prePaintDirtyRegions(RepaintManager.java:738)
	at javax.swing.RepaintManager.access$1200(RepaintManager.java:64)
	at javax.swing.RepaintManager$ProcessingRunnable.run(RepaintManager.java:1732)
	at java.awt.event.InvocationEvent.dispatch(InvocationEvent.java:311)
	at java.awt.EventQueue.dispatchEventImpl(EventQueue.java:758)
	at java.awt.EventQueue.access$500(EventQueue.java:97)
	at java.awt.EventQueue$3.run(EventQueue.java:709)
	at java.awt.EventQueue$3.run(EventQueue.java:703)
	at java.security.AccessController.doPrivileged(Native Method)
	at java.security.ProtectionDomain$JavaSecurityAccessImpl.doIntersectionPrivilege(ProtectionDomain.java:74)
	at java.awt.EventQueue.dispatchEvent(EventQueue.java:728)
	at org.GNOME.Accessibility.AtkWrapper$6.dispatchEvent(AtkWrapper.java:715)
	at java.awt.EventDispatchThread.pumpOneEventForFilters(EventDispatchThread.java:205)
	at java.awt.EventDispatchThread.pumpEventsForFilter(EventDispatchThread.java:116)
	at java.awt.EventDispatchThread.pumpEventsForHierarchy(EventDispatchThread.java:105)
	at java.awt.EventDispatchThread.pumpEvents(EventDispatchThread.java:101)
	at java.awt.EventDispatchThread.pumpEvents(EventDispatchThread.java:93)
	at java.awt.EventDispatchThread.run(EventDispatchThread.java:82)
Exception in thread "AWT-EventQueue-1" java.lang.ArrayIndexOutOfBoundsException: 2 >= 2
	at java.util.Vector.elementAt(Vector.java:479)
	at javax.swing.DefaultListModel.getElementAt(DefaultListModel.java:89)
	at javax.swing.plaf.basic.BasicListUI.paintCell(BasicListUI.java:204)
	at javax.swing.plaf.basic.BasicListUI.paintImpl(BasicListUI.java:317)
	at javax.swing.plaf.basic.BasicListUI.paint(BasicListUI.java:240)
	at javax.swing.plaf.ComponentUI.update(ComponentUI.java:161)
	at javax.swing.JComponent.paintComponent(JComponent.java:780)
	at javax.swing.JComponent.paint(JComponent.java:1056)
	at javax.swing.JComponent.paintToOffscreen(JComponent.java:5210)
	at javax.swing.RepaintManager$PaintManager.paintDoubleBuffered(RepaintManager.java:1579)
	at javax.swing.RepaintManager$PaintManager.paint(RepaintManager.java:1502)
	at javax.swing.BufferStrategyPaintManager.paint(BufferStrategyPaintManager.java:306)
	at javax.swing.RepaintManager.paint(RepaintManager.java:1272)
	at javax.swing.JComponent._paintImmediately(JComponent.java:5158)
	at javax.swing.JComponent.paintImmediately(JComponent.java:4969)
	at javax.swing.RepaintManager$4.run(RepaintManager.java:831)
	at javax.swing.RepaintManager$4.run(RepaintManager.java:814)
	at java.security.AccessController.doPrivileged(Native Method)
	at java.security.ProtectionDomain$JavaSecurityAccessImpl.doIntersectionPrivilege(ProtectionDomain.java:74)
	at javax.swing.RepaintManager.paintDirtyRegions(RepaintManager.java:814)
	at javax.swing.RepaintManager.paintDirtyRegions(RepaintManager.java:789)
	at javax.swing.RepaintManager.prePaintDirtyRegions(RepaintManager.java:738)
	at javax.swing.RepaintManager.access$1200(RepaintManager.java:64)
	at javax.swing.RepaintManager$ProcessingRunnable.run(RepaintManager.java:1732)
	at java.awt.event.InvocationEvent.dispatch(InvocationEvent.java:311)
	at java.awt.EventQueue.dispatchEventImpl(EventQueue.java:758)
	at java.awt.EventQueue.access$500(EventQueue.java:97)
	at java.awt.EventQueue$3.run(EventQueue.java:709)
	at java.awt.EventQueue$3.run(EventQueue.java:703)
	at java.security.AccessController.doPrivileged(Native Method)
	at java.security.ProtectionDomain$JavaSecurityAccessImpl.doIntersectionPrivilege(ProtectionDomain.java:74)
	at java.awt.EventQueue.dispatchEvent(EventQueue.java:728)
	at org.GNOME.Accessibility.AtkWrapper$6.dispatchEvent(AtkWrapper.java:715)
	at java.awt.EventDispatchThread.pumpOneEventForFilters(EventDispatchThread.java:205)
	at java.awt.EventDispatchThread.pumpEventsForFilter(EventDispatchThread.java:116)
	at java.awt.EventDispatchThread.pumpEventsForHierarchy(EventDispatchThread.java:105)
	at java.awt.EventDispatchThread.pumpEvents(EventDispatchThread.java:101)
	at java.awt.EventDispatchThread.pumpEvents(EventDispatchThread.java:93)
	at java.awt.EventDispatchThread.run(EventDispatchThread.java:82)
Exception in thread "AWT-EventQueue-1" java.lang.ArrayIndexOutOfBoundsException: 1 >= 1
	at java.util.Vector.elementAt(Vector.java:479)
	at javax.swing.DefaultListModel.getElementAt(DefaultListModel.java:89)
	at javax.swing.plaf.basic.BasicListUI.paintCell(BasicListUI.java:204)
	at javax.swing.plaf.basic.BasicListUI.paintImpl(BasicListUI.java:317)
	at javax.swing.plaf.basic.BasicListUI.paint(BasicListUI.java:240)
	at javax.swing.plaf.ComponentUI.update(ComponentUI.java:161)
	at javax.swing.JComponent.paintComponent(JComponent.java:780)
	at javax.swing.JComponent.paint(JComponent.java:1056)
	at javax.swing.JComponent.paintToOffscreen(JComponent.java:5210)
	at javax.swing.RepaintManager$PaintManager.paintDoubleBuffered(RepaintManager.java:1579)
	at javax.swing.RepaintManager$PaintManager.paint(RepaintManager.java:1502)
	at javax.swing.BufferStrategyPaintManager.paint(BufferStrategyPaintManager.java:306)
	at javax.swing.RepaintManager.paint(RepaintManager.java:1272)
	at javax.swing.JComponent._paintImmediately(JComponent.java:5158)
	at javax.swing.JComponent.paintImmediately(JComponent.java:4969)
	at javax.swing.RepaintManager$4.run(RepaintManager.java:831)
	at javax.swing.RepaintManager$4.run(RepaintManager.java:814)
	at java.security.AccessController.doPrivileged(Native Method)
	at java.security.ProtectionDomain$JavaSecurityAccessImpl.doIntersectionPrivilege(ProtectionDomain.java:74)
	at javax.swing.RepaintManager.paintDirtyRegions(RepaintManager.java:814)
	at javax.swing.RepaintManager.paintDirtyRegions(RepaintManager.java:789)
	at javax.swing.RepaintManager.prePaintDirtyRegions(RepaintManager.java:738)
	at javax.swing.RepaintManager.access$1200(RepaintManager.java:64)
	at javax.swing.RepaintManager$ProcessingRunnable.run(RepaintManager.java:1732)
	at java.awt.event.InvocationEvent.dispatch(InvocationEvent.java:311)
	at java.awt.EventQueue.dispatchEventImpl(EventQueue.java:758)
	at java.awt.EventQueue.access$500(EventQueue.java:97)
	at java.awt.EventQueue$3.run(EventQueue.java:709)
	at java.awt.EventQueue$3.run(EventQueue.java:703)
	at java.security.AccessController.doPrivileged(Native Method)
	at java.security.ProtectionDomain$JavaSecurityAccessImpl.doIntersectionPrivilege(ProtectionDomain.java:74)
	at java.awt.EventQueue.dispatchEvent(EventQueue.java:728)
	at org.GNOME.Accessibility.AtkWrapper$6.dispatchEvent(AtkWrapper.java:715)
	at java.awt.EventDispatchThread.pumpOneEventForFilters(EventDispatchThread.java:205)
	at java.awt.EventDispatchThread.pumpEventsForFilter(EventDispatchThread.java:116)
	at java.awt.EventDispatchThread.pumpEventsForHierarchy(EventDispatchThread.java:105)
	at java.awt.EventDispatchThread.pumpEvents(EventDispatchThread.java:101)
	at java.awt.EventDispatchThread.pumpEvents(EventDispatchThread.java:93)
	at java.awt.EventDispatchThread.run(EventDispatchThread.java:82)
